this is readtape version 3.7, compiled on Aug  4 2019 22:08:28, running on Sun Aug  4 22:12:59 2019
  executable file: C:\data\projects\magtape_reader\bin\readtape.exe
  command line: readtape -v -m -ntrks=9 -pe -bpi=1600 -ips=50 -order=01234576p -tap -ascii -linefeed -outp=results\ 1600bpi_ukn_6s 
  current directory: C:\data\projects\magtape_reader\readtape\examples\9trk_PE
  this is a little-endian computer
  For more information, see, https://github.com/LenShustek/readtape
reading file 1600bpi_ukn_6s.tbin
the output files will be results\1600bpi_ukn_6s.xxx
.tbin file header
   converted on: Sun Aug  4 17:00:54 2019
   max voltage: 2.4V
   time between samples: 1.280 usec
no .parms file was found, so we're using these internal defaults for the PE parameter sets:
  parms      active, clk_window,  clk_alpha, agc_window,  agc_alpha,   min_peak, clk_factor,  pulse_adj,pkww_bitfrac,  pkww_rise,  id
  {            1,          0,      0.200,          5,      0.000,      0.000,      1.500,      0.400,      0.700,      0.100,   PRM}
  {            1,          0,      0.200,          5,      0.000,      0.100,      1.500,      0.400,      0.700,      0.100,   PRM}
  {            1,          3,      0.000,          5,      0.000,      0.000,      1.400,      0.000,      0.700,      0.100,   PRM}
  {            1,          3,      0.000,          5,      0.000,      0.000,      1.400,      0.200,      0.700,      0.100,   PRM}
  {            1,          5,      0.000,          5,      0.000,      0.000,      1.400,      0.000,      0.700,      0.100,   PRM}
  {            1,          5,      0.000,          5,      0.000,      0.000,      1.500,      0.200,      0.700,      0.100,   PRM}
  {            1,          5,      0.000,          5,      0.000,      0.000,      1.400,      0.400,      0.700,      0.100,   PRM}
  {            1,          3,      0.000,          5,      0.000,      0.000,      1.400,      0.200,      0.700,      0.100,   PRM}
compile-time decoding constants
  peak height closeness threshold: 0.005
  nominal peak height for rise calculation: 2.0V
  AGC maximum: 20
  PE idle treshold: 2.50 bits
set ntrks=9 as implied by the -order string
configuration
  9 track PE, odd parity, 1600 BPI at 50 IPS (12.50 usec/bit)
  sampling rate is 781,250 Hz (1.28 usec)
  starting peak window is 6 samples (7.68 usec)
  track ordering: 0(msb)123457(lsb)6p
*** NOTE: we detected reverse PE signal polarity, but we can handle it
creating file "results\1600bpi_ukn_6s.tap"
creating file "results\1600bpi_ukn_6s.ASCII.txt"
wrote block   1,   80 bytes, 1 tries, parmset 0, max AGC 1.22, ok, avg speed 49.76 IPS at time 4.6771776
wrote block   2,   80 bytes, 1 tries, parmset 0, max AGC 1.22, ok, avg speed 49.00 IPS at time 4.6936128
wrote block   3,   80 bytes, 1 tries, parmset 0, max AGC 1.16, ok, avg speed 48.88 IPS at time 4.7101683
*** tapemark after block 3 at file position 3,952,498, time 4.7868851
*** tapemark after block 3 at file position 5,319,094, time 4.8840653
wrote block   4,   80 bytes, 1 tries, parmset 0, max AGC 1.30, ok, avg speed 49.30 IPS at time 4.9207181
wrote block   5,   80 bytes, 1 tries, parmset 0, max AGC 1.19, ok, avg speed 49.01 IPS at time 4.9374029
*** tapemark after block 5 at file position 7,148,164, time 5.0141325
*** tapemark after block 5 at file position 8,509,162, time 5.1109146
wrote block   6,  512 bytes, 1 tries, parmset 0, max AGC 1.25, ok, avg speed 50.94 IPS at time 5.1869376
wrote block   7,  512 bytes, 1 tries, parmset 0, max AGC 1.54, ok, avg speed 50.93 IPS at time 5.2083315
wrote block   8,  512 bytes, 1 tries, parmset 0, max AGC 1.32, ok, avg speed 50.92 IPS at time 5.2297011
wrote block   9,  512 bytes, 1 tries, parmset 0, max AGC 1.38, ok, avg speed 51.15 IPS at time 5.2509965
wrote block  10,  512 bytes, 1 tries, parmset 0, max AGC 1.29, ok, avg speed 51.05 IPS at time 5.2723648
wrote block  11,  512 bytes, 1 tries, parmset 0, max AGC 1.31, ok, avg speed 51.33 IPS at time 5.2936154
wrote block  12,  512 bytes, 1 tries, parmset 0, max AGC 1.21, ok, avg speed 51.16 IPS at time 5.3148800
wrote block  13,  512 bytes, 1 tries, parmset 0, max AGC 1.20, ok, avg speed 51.02 IPS at time 5.3361792
wrote block  14,  512 bytes, 1 tries, parmset 0, max AGC 1.23, ok, avg speed 51.00 IPS at time 5.3575731
wrote block  15,  512 bytes, 1 tries, parmset 0, max AGC 1.36, ok, avg speed 50.82 IPS at time 5.3789798
wrote block  16,  512 bytes, 1 tries, parmset 0, max AGC 1.25, ok, avg speed 50.92 IPS at time 5.4004186
wrote block  17,  512 bytes, 1 tries, parmset 0, max AGC 1.18, ok, avg speed 51.08 IPS at time 5.4217523
wrote block  18,  512 bytes, 1 tries, parmset 0, max AGC 1.31, ok, avg speed 51.11 IPS at time 5.4430797
wrote block  19,  512 bytes, 1 tries, parmset 0, max AGC 1.18, ok, avg speed 51.09 IPS at time 5.4644019
wrote block  20,  512 bytes, 1 tries, parmset 0, max AGC 1.21, ok, avg speed 51.30 IPS at time 5.4856358
wrote block  21,  512 bytes, 1 tries, parmset 0, max AGC 1.29, ok, avg speed 51.14 IPS at time 5.5068928
wrote block  22,  512 bytes, 1 tries, parmset 0, max AGC 1.22, ok, avg speed 51.24 IPS at time 5.5281741
wrote block  23,  512 bytes, 1 tries, parmset 0, max AGC 1.37, ok, avg speed 50.93 IPS at time 5.5495066
wrote block  24,  512 bytes, 1 tries, parmset 0, max AGC 1.26, ok, avg speed 50.97 IPS at time 5.5708954
wrote block  25,  512 bytes, 1 tries, parmset 0, max AGC 1.26, ok, avg speed 50.99 IPS at time 5.5922253
wrote block  26,  512 bytes, 1 tries, parmset 0, max AGC 1.29, ok, avg speed 50.95 IPS at time 5.6135910
wrote block  27,  512 bytes, 1 tries, parmset 0, max AGC 1.20, ok, avg speed 51.03 IPS at time 5.6349414
wrote block  28,  512 bytes, 1 tries, parmset 0, max AGC 1.23, ok, avg speed 51.24 IPS at time 5.6561843
wrote block  29,  512 bytes, 1 tries, parmset 0, max AGC 1.19, ok, avg speed 51.25 IPS at time 5.6774784
wrote block  30,  512 bytes, 1 tries, parmset 0, max AGC 1.29, ok, avg speed 51.29 IPS at time 5.6987021
wrote block  31,  512 bytes, 1 tries, parmset 0, max AGC 1.18, ok, avg speed 51.06 IPS at time 5.7199731
wrote block  32,  512 bytes, 1 tries, parmset 0, max AGC 1.21, ok, avg speed 51.00 IPS at time 5.7413299
wrote block  33,  512 bytes, 1 tries, parmset 0, max AGC 1.20, ok, avg speed 51.12 IPS at time 5.7626970
wrote block  34,  512 bytes, 1 tries, parmset 0, max AGC 1.19, ok, avg speed 50.89 IPS at time 5.7840602
wrote block  35,  512 bytes, 1 tries, parmset 0, max AGC 1.29, ok, avg speed 51.03 IPS at time 5.8053773
wrote block  36,  512 bytes, 1 tries, parmset 0, max AGC 1.25, ok, avg speed 51.16 IPS at time 5.8266726
wrote block  37,  512 bytes, 1 tries, parmset 0, max AGC 1.27, ok, avg speed 51.14 IPS at time 5.8480051
wrote block  38,  512 bytes, 1 tries, parmset 0, max AGC 1.25, ok, avg speed 51.29 IPS at time 5.8692736
wrote block  39,  512 bytes, 1 tries, parmset 0, max AGC 1.52, ok, avg speed 51.42 IPS at time 5.8904218
wrote block  40,  512 bytes, 1 tries, parmset 0, max AGC 1.41, ok, avg speed 51.04 IPS at time 5.9117107
wrote block  41,  512 bytes, 1 tries, parmset 0, max AGC 1.21, ok, avg speed 51.15 IPS at time 5.9330662
wrote block  42,  512 bytes, 1 tries, parmset 0, max AGC 1.20, ok, avg speed 50.91 IPS at time 5.9544576
wrote block  43,  512 bytes, 1 tries, parmset 0, max AGC 1.27, ok, avg speed 50.91 IPS at time 5.9758707
wrote block  44,  512 bytes, 1 tries, parmset 0, max AGC 1.36, ok, avg speed 51.02 IPS at time 5.9972557
wrote block  45,  512 bytes, 1 tries, parmset 0, max AGC 1.21, ok, avg speed 51.14 IPS at time 6.0185587
wrote block  46,  512 bytes, 1 tries, parmset 0, max AGC 1.25, ok, avg speed 51.14 IPS at time 6.0398694
wrote block  47,  512 bytes, 1 tries, parmset 0, max AGC 1.22, ok, avg speed 51.28 IPS at time 6.0610854
wrote block  48,  512 bytes, 1 tries, parmset 0, max AGC 1.19, ok, avg speed 51.17 IPS at time 6.0823450
wrote block  49,  512 bytes, 1 tries, parmset 0, max AGC 1.19, ok, avg speed 51.20 IPS at time 6.1036186
wrote block  50,  512 bytes, 1 tries, parmset 0, max AGC 1.20, ok, avg speed 51.14 IPS at time 6.1249280
wrote block  51,  512 bytes, 1 tries, parmset 0, max AGC 1.30, ok, avg speed 50.97 IPS at time 6.1463258
wrote block  52,  512 bytes, 1 tries, parmset 0, max AGC 1.23, ok, avg speed 51.00 IPS at time 6.1676749
wrote block  53,  512 bytes, 1 tries, parmset 0, max AGC 1.24, ok, avg speed 51.00 IPS at time 6.1890854
wrote block  54,  512 bytes, 1 tries, parmset 0, max AGC 1.25, ok, avg speed 51.08 IPS at time 6.2104794
wrote block  55,  512 bytes, 1 tries, parmset 0, max AGC 1.24, ok, avg speed 51.23 IPS at time 6.2317760
wrote block  56,  512 bytes, 1 tries, parmset 0, max AGC 1.20, ok, avg speed 51.30 IPS at time 6.2530419
wrote block  57,  512 bytes, 1 tries, parmset 0, max AGC 1.27, ok, avg speed 51.26 IPS at time 6.2742669
wrote block  58,  512 bytes, 1 tries, parmset 0, max AGC 1.27, ok, avg speed 51.25 IPS at time 6.2955597
wrote block  59,  512 bytes, 1 tries, parmset 0, max AGC 1.21, ok, avg speed 50.91 IPS at time 6.3169408
output file was closed at time 6.3686989 with 28,048 data bytes extracted from 59 blocks
1,455,362 samples were processed in 0 seconds, or 0.000 seconds/block
detected 4 tape marks
created 1 output files with 59 blocks and 28,599 total bytes
0 blocks had errors, 0 had mismatched tracks, 0 had bits corrected
0 good blocks had to try more than one parmset
parmset 0 was tried   68 times and used   64 times, or  94.1%
created statistics file "results\1600bpi_ukn_6s.peakstats.csv" from 461,492 measurements of flux transition positions
